\BOOKMARK [0][-]{chapter.1}{Introduction}{}% 1
\BOOKMARK [1][-]{section.1.1}{Context}{chapter.1}% 2
\BOOKMARK [1][-]{section.1.2}{Business case assumption}{chapter.1}% 3
\BOOKMARK [1][-]{section.1.3}{Stakeholders}{chapter.1}% 4
\BOOKMARK [2][-]{subsection.1.3.1}{Users}{section.1.3}% 5
\BOOKMARK [2][-]{subsection.1.3.2}{Customers}{section.1.3}% 6
\BOOKMARK [2][-]{subsection.1.3.3}{Architect}{section.1.3}% 7
\BOOKMARK [2][-]{subsection.1.3.4}{On-site maintenance}{section.1.3}% 8
\BOOKMARK [2][-]{subsection.1.3.5}{Quality Care - Technical}{section.1.3}% 9
\BOOKMARK [2][-]{subsection.1.3.6}{Quality Care - Non-technical}{section.1.3}% 10
\BOOKMARK [2][-]{subsection.1.3.7}{Manufacturing}{section.1.3}% 11
\BOOKMARK [2][-]{subsection.1.3.8}{Future stakeholders}{section.1.3}% 12
\BOOKMARK [0][-]{chapter.2}{System overview}{}% 13
\BOOKMARK [1][-]{section.2.1}{High level requirements}{chapter.2}% 14
\BOOKMARK [2][-]{subsection.2.1.1}{Medical assistance}{section.2.1}% 15
\BOOKMARK [2][-]{subsection.2.1.2}{Social interaction}{section.2.1}% 16
\BOOKMARK [2][-]{subsection.2.1.3}{Support in everyday life}{section.2.1}% 17
\BOOKMARK [1][-]{section.2.2}{Main functionality}{chapter.2}% 18
\BOOKMARK [2][-]{subsection.2.2.1}{M - Provide the right pills at the right time}{section.2.2}% 19
\BOOKMARK [2][-]{subsection.2.2.2}{M - Contact relatives/nurses}{section.2.2}% 20
\BOOKMARK [2][-]{subsection.2.2.3}{M - Detect emotional state}{section.2.2}% 21
\BOOKMARK [2][-]{subsection.2.2.4}{M - Health monitoring}{section.2.2}% 22
\BOOKMARK [2][-]{subsection.2.2.5}{S - Hold simple conversation}{section.2.2}% 23
\BOOKMARK [2][-]{subsection.2.2.6}{S - Video monitoring}{section.2.2}% 24
\BOOKMARK [2][-]{subsection.2.2.7}{C - Home automation}{section.2.2}% 25
\BOOKMARK [1][-]{section.2.3}{Cloud Robotics}{chapter.2}% 26
\BOOKMARK [2][-]{subsection.2.3.1}{Environment}{section.2.3}% 27
\BOOKMARK [2][-]{subsection.2.3.2}{Robotic advantages}{section.2.3}% 28
\BOOKMARK [2][-]{subsection.2.3.3}{Single control unit}{section.2.3}% 29
\BOOKMARK [2][-]{subsection.2.3.4}{Risks}{section.2.3}% 30
\BOOKMARK [2][-]{subsection.2.3.5}{Example scenarios}{section.2.3}% 31
\BOOKMARK [0][-]{chapter.3}{System decomposition}{}% 32
\BOOKMARK [1][-]{section.3.1}{Architectural views}{chapter.3}% 33
\BOOKMARK [2][-]{subsection.3.1.1}{Logical view}{section.3.1}% 34
\BOOKMARK [2][-]{subsection.3.1.2}{Process view}{section.3.1}% 35
\BOOKMARK [2][-]{subsection.3.1.3}{Implementation view}{section.3.1}% 36
\BOOKMARK [2][-]{subsection.3.1.4}{Deployment view}{section.3.1}% 37
\BOOKMARK [2][-]{subsection.3.1.5}{Use Case view}{section.3.1}% 38
\BOOKMARK [1][-]{section.3.2}{Monitoring Module}{chapter.3}% 39
\BOOKMARK [2][-]{subsection.3.2.1}{Needs}{section.3.2}% 40
\BOOKMARK [2][-]{subsection.3.2.2}{Quality Attributes}{section.3.2}% 41
\BOOKMARK [2][-]{subsection.3.2.3}{Measurable's}{section.3.2}% 42
\BOOKMARK [1][-]{section.3.3}{System 1: Heart rate collection}{chapter.3}% 43
\BOOKMARK [1][-]{section.3.4}{System 2: Cardiac arrest alarm}{chapter.3}% 44
\BOOKMARK [1][-]{section.3.5}{System overview}{chapter.3}% 45
\BOOKMARK [0][-]{chapter.4}{References}{}% 46
\BOOKMARK [0][-]{appendix.A}{Reference Architectures}{}% 47
\BOOKMARK [1][-]{section.A.1}{2013 RAM Conference}{appendix.A}% 48
\BOOKMARK [1][-]{section.A.2}{Safety Framework}{appendix.A}% 49
\BOOKMARK [0][-]{appendix.B}{Reflection on Pipe Filters implementation}{}% 50
\BOOKMARK [0][-]{appendix.C}{Architectural Patterns and Styles}{}% 51
\BOOKMARK [1][-]{section.C.1}{Client-Server}{appendix.C}% 52
\BOOKMARK [1][-]{section.C.2}{Model, View, Controller \(MVC\)}{appendix.C}% 53
\BOOKMARK [1][-]{section.C.3}{Pipes and Filters}{appendix.C}% 54
\BOOKMARK [1][-]{section.C.4}{Shared-Data}{appendix.C}% 55
\BOOKMARK [0][-]{appendix.D}{Review}{}% 56
\BOOKMARK [1][-]{section.D.1}{Review goal}{appendix.D}% 57
\BOOKMARK [1][-]{section.D.2}{Recieved feedback}{appendix.D}% 58
\BOOKMARK [2][-]{subsection.D.2.1}{System 1}{section.D.2}% 59
\BOOKMARK [2][-]{subsection.D.2.2}{System 2}{section.D.2}% 60
\BOOKMARK [0][-]{appendix.E}{Thought process}{}% 61
\BOOKMARK [1][-]{section.E.1}{Mind map high level requirements and functional requirements}{appendix.E}% 62
